<?xml version="1.0" encoding="UTF-8"?>
<!-- Generated by org.testng.reporters.JUnitReportReporter -->
<testsuite hostname="WINCTRL-UDJN0DO" name="datadriven123.Testng" tests="3" failures="0" timestamp="15 Apr 2019 13:45:27 GMT" time="37.346" errors="0">
  <testcase name="editEmp" time="4.388" classname="datadriven123.Testng"/>
  <testcase name="addEmp" time="28.543" classname="datadriven123.Testng"/>
  <testcase name="verifyLogin" time="4.415" classname="datadriven123.Testng"/>
</testsuite> <!-- datadriven123.Testng -->
